
=== PARSING CONFIG FILE (run_imi.sh) ===

Activating conda environment: imi_env

=== SUBMITTING JACOBIAN SIMULATIONS ===

Currently Loaded Modules:
  1) gmp/6.2.1-fasrc01       7) szip/2.1.1-fasrc01
  2) mpfr/4.2.0-fasrc01      8) hdf5/1.14.0-fasrc01
  3) mpc/1.3.1-fasrc01       9) netcdf-c/4.9.2-fasrc01
  4) gcc/12.2.0-fasrc01     10) netcdf-fortran/4.6.0-fasrc02
  5) openmpi/4.1.4-fasrc01  11) flex/2.6.4-fasrc01
  6) zlib/1.2.13-fasrc01    12) cmake/3.25.2-fasrc01

 


Environment:

CC                  : gcc
CXX                 : g++
FC                  : gfortran
KPP_FLEX_LIB_DIR    : /n/sw/helmod-rocky8/apps/Core/flex/2.6.4-fasrc01/lib64
MPI_HOME            : /n/sw/helmod-rocky8/apps/Comp/gcc/12.2.0-fasrc01/openmpi/4.1.4-fasrc01
NETCDF_HOME         : /n/sw/helmod-rocky8/apps/MPI/gcc/12.2.0-fasrc01/openmpi/4.1.4-fasrc01/netcdf-c/4.9.2-fasrc01
NETCDF_FORTRAN_HOME : /n/sw/helmod-rocky8/apps/MPI/gcc/12.2.0-fasrc01/openmpi/4.1.4-fasrc01/netcdf-fortran/4.6.0-fasrc02
OMP_NUM_THREADS     : 8

Done sourcing /n/home06/nbalasus/envs/gcclassic.rocky+gnu12.minimal.env
running 508 jacobian simulations
Submitted batch job 21845606
jacobian simulation: 0132 exited with error code: 231
Check the log file in the /n/holyscratch01/jacob_lab/xlwang/US_urban_runs/Houston/jacobian_runs/Houston_0132 directory for more details.
jacobian simulation: 0137 exited without running.
jacobian simulation: 0138 exited without running.
jacobian simulation: 0139 exited without running.
jacobian simulation: 0140 exited without running.
jacobian simulation: 0141 exited without running.
jacobian simulation: 0142 exited without running.
jacobian simulation: 0143 exited without running.
jacobian simulation: 0144 exited without running.
jacobian simulation: 0146 exited without running.
jacobian simulation: 0147 exited without running.
jacobian simulation: 0145 exited without running.
jacobian simulation: 0150 exited without running.
jacobian simulation: 0148 exited without running.
jacobian simulation: 0149 exited without running.
jacobian simulation: 0151 exited without running.
jacobian simulation: 0152 exited without running.
jacobian simulation: 0153 exited without running.
jacobian simulation: 0155 exited without running.
jacobian simulation: 0154 exited without running.
jacobian simulation: 0156 exited without running.
jacobian simulation: 0158 exited without running.
jacobian simulation: 0160 exited without running.
jacobian simulation: 0159 exited without running.
jacobian simulation: 0161 exited without running.
jacobian simulation: 0157 exited without running.
jacobian simulation: 0163 exited without running.
jacobian simulation: 0162 exited without running.
jacobian simulation: 0164 exited without running.
jacobian simulation: 0166 exited without running.
jacobian simulation: 0167 exited without running.
jacobian simulation: 0168 exited without running.
jacobian simulation: 0171 exited without running.
jacobian simulation: 0170 exited without running.
jacobian simulation: 0169 exited without running.
jacobian simulation: 0172 exited without running.
jacobian simulation: 0174 exited without running.
jacobian simulation: 0173 exited without running.
jacobian simulation: 0176 exited without running.
jacobian simulation: 0175 exited without running.
jacobian simulation: 0177 exited without running.
jacobian simulation: 0178 exited without running.
jacobian simulation: 0179 exited without running.
jacobian simulation: 0181 exited without running.
jacobian simulation: 0182 exited without running.
jacobian simulation: 0183 exited without running.
jacobian simulation: 0184 exited without running.
jacobian simulation: 0185 exited without running.
jacobian simulation: 0187 exited without running.
jacobian simulation: 0188 exited without running.
jacobian simulation: 0189 exited without running.
jacobian simulation: 0186 exited without running.
jacobian simulation: 0192 exited without running.
jacobian simulation: 0190 exited without running.
jacobian simulation: 0191 exited without running.
jacobian simulation: 0194 exited without running.
jacobian simulation: 0195 exited without running.
jacobian simulation: 0193 exited without running.
jacobian simulation: 0197 exited without running.
jacobian simulation: 0198 exited without running.
jacobian simulation: 0199 exited without running.
jacobian simulation: 0200 exited without running.
jacobian simulation: 0180 exited without running.
jacobian simulation: 0201 exited without running.
jacobian simulation: 0202 exited without running.
jacobian simulation: 0203 exited without running.
jacobian simulation: 0204 exited without running.
jacobian simulation: 0208 exited without running.
jacobian simulation: 0206 exited without running.
jacobian simulation: 0207 exited without running.
jacobian simulation: 0209 exited without running.
jacobian simulation: 0210 exited without running.
jacobian simulation: 0213 exited without running.
jacobian simulation: 0212 exited without running.
jacobian simulation: 0211 exited without running.
jacobian simulation: 0205 exited without running.
jacobian simulation: 0214 exited without running.
jacobian simulation: 0215 exited without running.
jacobian simulation: 0216 exited without running.
jacobian simulation: 0219 exited without running.
jacobian simulation: 0217 exited without running.
jacobian simulation: 0218 exited without running.
jacobian simulation: 0220 exited without running.
jacobian simulation: 0222 exited without running.
jacobian simulation: 0221 exited without running.
jacobian simulation: 0224 exited without running.
jacobian simulation: 0223 exited without running.
jacobian simulation: 0226 exited without running.
jacobian simulation: 0228 exited without running.
jacobian simulation: 0227 exited without running.
jacobian simulation: 0229 exited without running.
jacobian simulation: 0231 exited without running.
jacobian simulation: 0235 exited without running.
jacobian simulation: 0234 exited without running.
jacobian simulation: 0232 exited without running.
jacobian simulation: 0233 exited without running.
jacobian simulation: 0238 exited without running.
jacobian simulation: 0236 exited without running.
jacobian simulation: 0239 exited without running.
jacobian simulation: 0240 exited without running.
jacobian simulation: 0237 exited without running.
jacobian simulation: 0241 exited without running.
jacobian simulation: 0242 exited without running.
jacobian simulation: 0243 exited without running.
jacobian simulation: 0244 exited without running.
jacobian simulation: 0245 exited without running.
jacobian simulation: 0246 exited without running.
jacobian simulation: 0248 exited without running.
jacobian simulation: 0247 exited without running.
jacobian simulation: 0249 exited without running.
jacobian simulation: 0225 exited without running.
jacobian simulation: 0251 exited without running.
jacobian simulation: 0255 exited without running.
jacobian simulation: 0254 exited without running.
jacobian simulation: 0256 exited without running.
jacobian simulation: 0258 exited without running.
jacobian simulation: 0252 exited without running.
jacobian simulation: 0257 exited without running.
jacobian simulation: 0262 exited without running.
jacobian simulation: 0259 exited without running.
jacobian simulation: 0260 exited without running.
jacobian simulation: 0261 exited without running.
jacobian simulation: 0268 exited without running.
jacobian simulation: 0266 exited without running.
jacobian simulation: 0267 exited without running.
jacobian simulation: 0269 exited without running.
jacobian simulation: 0263 exited without running.
jacobian simulation: 0265 exited without running.
jacobian simulation: 0273 exited without running.
jacobian simulation: 0271 exited without running.
jacobian simulation: 0270 exited without running.
jacobian simulation: 0272 exited without running.
jacobian simulation: 0274 exited without running.
jacobian simulation: 0279 exited without running.
jacobian simulation: 0282 exited without running.
jacobian simulation: 0278 exited without running.
jacobian simulation: 0281 exited without running.
jacobian simulation: 0280 exited without running.
jacobian simulation: 0277 exited without running.
jacobian simulation: 0276 exited without running.
jacobian simulation: 0283 exited without running.
jacobian simulation: 0287 exited without running.
jacobian simulation: 0286 exited without running.
jacobian simulation: 0284 exited without running.
jacobian simulation: 0285 exited without running.
jacobian simulation: 0289 exited without running.
jacobian simulation: 0293 exited without running.
jacobian simulation: 0288 exited without running.
jacobian simulation: 0294 exited without running.
jacobian simulation: 0292 exited without running.
jacobian simulation: 0296 exited without running.
jacobian simulation: 0298 exited without running.
jacobian simulation: 0299 exited without running.
jacobian simulation: 0291 exited without running.
jacobian simulation: 0300 exited without running.
jacobian simulation: 0301 exited without running.
jacobian simulation: 0302 exited without running.
jacobian simulation: 0306 exited without running.
jacobian simulation: 0308 exited without running.
jacobian simulation: 0303 exited without running.
jacobian simulation: 0304 exited without running.
jacobian simulation: 0310 exited without running.
jacobian simulation: 0314 exited without running.
jacobian simulation: 0316 exited without running.
jacobian simulation: 0317 exited without running.
jacobian simulation: 0318 exited without running.
jacobian simulation: 0315 exited without running.
jacobian simulation: 0311 exited without running.
jacobian simulation: 0322 exited without running.
jacobian simulation: 0326 exited without running.
jacobian simulation: 0328 exited without running.
jacobian simulation: 0327 exited without running.
jacobian simulation: 0325 exited without running.
jacobian simulation: 0329 exited without running.
jacobian simulation: 0334 exited without running.
jacobian simulation: 0335 exited without running.
jacobian simulation: 0331 exited without running.
jacobian simulation: 0333 exited without running.
jacobian simulation: 0336 exited without running.
jacobian simulation: 0337 exited without running.
jacobian simulation: 0340 exited without running.
jacobian simulation: 0341 exited without running.
jacobian simulation: 0342 exited without running.
jacobian simulation: 0343 exited without running.
jacobian simulation: 0346 exited without running.
jacobian simulation: 0349 exited without running.
jacobian simulation: 0345 exited without running.
jacobian simulation: 0351 exited without running.
jacobian simulation: 0352 exited without running.
jacobian simulation: 0354 exited without running.
jacobian simulation: 0347 exited without running.
jacobian simulation: 0348 exited without running.
jacobian simulation: 0355 exited without running.
jacobian simulation: 0356 exited without running.
jacobian simulation: 0357 exited without running.
jacobian simulation: 0359 exited without running.
jacobian simulation: 0365 exited without running.
jacobian simulation: 0363 exited without running.
jacobian simulation: 0366 exited without running.
jacobian simulation: 0368 exited without running.
jacobian simulation: 0376 exited without running.
jacobian simulation: 0370 exited without running.
jacobian simulation: 0371 exited without running.
jacobian simulation: 0375 exited without running.
jacobian simulation: 0377 exited without running.
jacobian simulation: 0384 exited without running.
jacobian simulation: 0386 exited without running.
jacobian simulation: 0382 exited without running.
jacobian simulation: 0387 exited without running.
jacobian simulation: 0388 exited without running.
jacobian simulation: 0383 exited without running.
jacobian simulation: 0390 exited without running.
jacobian simulation: 0381 exited without running.
jacobian simulation: 0385 exited without running.
jacobian simulation: 0392 exited without running.
jacobian simulation: 0393 exited without running.
jacobian simulation: 0394 exited without running.
jacobian simulation: 0380 exited without running.
jacobian simulation: 0395 exited without running.
jacobian simulation: 0397 exited without running.
jacobian simulation: 0396 exited without running.
jacobian simulation: 0398 exited without running.
jacobian simulation: 0399 exited without running.
jacobian simulation: 0402 exited without running.
jacobian simulation: 0401 exited without running.
jacobian simulation: 0400 exited without running.
jacobian simulation: 0405 exited without running.
jacobian simulation: 0406 exited without running.
jacobian simulation: 0403 exited without running.
jacobian simulation: 0404 exited without running.
jacobian simulation: 0407 exited without running.
jacobian simulation: 0408 exited without running.
jacobian simulation: 0410 exited without running.
jacobian simulation: 0409 exited without running.
jacobian simulation: 0411 exited without running.
jacobian simulation: 0413 exited without running.
jacobian simulation: 0414 exited without running.
jacobian simulation: 0415 exited without running.
jacobian simulation: 0417 exited without running.
jacobian simulation: 0412 exited without running.
jacobian simulation: 0418 exited without running.
jacobian simulation: 0420 exited without running.
jacobian simulation: 0421 exited without running.
jacobian simulation: 0419 exited without running.
jacobian simulation: 0423 exited without running.
jacobian simulation: 0422 exited without running.
jacobian simulation: 0424 exited without running.
jacobian simulation: 0425 exited without running.
jacobian simulation: 0427 exited without running.
jacobian simulation: 0428 exited without running.
jacobian simulation: 0426 exited without running.
jacobian simulation: 0429 exited without running.
jacobian simulation: 0430 exited without running.
jacobian simulation: 0432 exited without running.
jacobian simulation: 0431 exited without running.
jacobian simulation: 0433 exited without running.
jacobian simulation: 0434 exited without running.
jacobian simulation: 0435 exited without running.
jacobian simulation: 0437 exited without running.
jacobian simulation: 0439 exited without running.
jacobian simulation: 0438 exited without running.
jacobian simulation: 0441 exited without running.
jacobian simulation: 0440 exited without running.
jacobian simulation: 0442 exited without running.
jacobian simulation: 0443 exited without running.
jacobian simulation: 0444 exited without running.
jacobian simulation: 0445 exited without running.
jacobian simulation: 0446 exited without running.
jacobian simulation: 0447 exited without running.
jacobian simulation: 0450 exited without running.
jacobian simulation: 0449 exited without running.
jacobian simulation: 0448 exited without running.
jacobian simulation: 0452 exited without running.
jacobian simulation: 0451 exited without running.
jacobian simulation: 0453 exited without running.
jacobian simulation: 0454 exited without running.
jacobian simulation: 0456 exited without running.
jacobian simulation: 0457 exited without running.
jacobian simulation: 0455 exited without running.
jacobian simulation: 0458 exited without running.
jacobian simulation: 0460 exited without running.
jacobian simulation: 0461 exited without running.
jacobian simulation: 0462 exited without running.
jacobian simulation: 0459 exited without running.
jacobian simulation: 0477 exited without running.
jacobian simulation: 0468 exited without running.
jacobian simulation: 0465 exited without running.
jacobian simulation: 0469 exited without running.
jacobian simulation: 0466 exited without running.
jacobian simulation: 0470 exited without running.
jacobian simulation: 0475 exited without running.
jacobian simulation: 0482 exited without running.
jacobian simulation: 0479 exited without running.
jacobian simulation: 0492 exited without running.
jacobian simulation: 0483 exited without running.
jacobian simulation: 0486 exited without running.
jacobian simulation: 0488 exited without running.
jacobian simulation: 0487 exited without running.
jacobian simulation: 0495 exited without running.
jacobian simulation: 0496 exited without running.
jacobian simulation: 0498 exited without running.
jacobian simulation: 0503 exited without running.
jacobian simulation: 0505 exited without running.
jacobian simulation: 0507 exited without running.
jacobian simulation: 0502 exited without running.
jacobian simulation: 0501 exited without running.
jacobian simulation: 0464 exited without running.
jacobian simulation: 0118 exited without running.
jacobian simulation: 0114 exited without running.
